Dec 07 07:54:09.500 |INF| Rewriting uri target='proxy_handler' filename='proxy_handler/main.rs' line-number=230 span={ trace-id='080B080A030B' name='proxy_handler' }
Dec 07 07:54:09.500 |INF| getting key=SERVICE_NAME target='proxy_handler' filename='proxy_handler/main.rs' line-number=38 span={ trace-id='080B080A030B' name='proxy_handler' }
Dec 07 07:54:09.500 |INF| got service=combo_service target='proxy_handler' filename='proxy_handler/main.rs' line-number=42 span={ trace-id='080B080A030B' name='proxy_handler' }
Dec 07 07:54:09.500 |INF| got service_key=SERVICE_PORT target='proxy_handler' filename='proxy_handler/main.rs' line-number=59 span={ trace-id='080B080A030B' name='proxy_handler' }
Dec 07 07:54:09.500 |INF| got service=service, port=8083 target='proxy_handler' filename='proxy_handler/main.rs' line-number=63 span={ trace-id='080B080A030B' name='proxy_handler' }
Dec 07 07:54:09.500 |INF| got service_key=SERVICE_ADDRESS target='proxy_handler' filename='proxy_handler/main.rs' line-number=81 span={ trace-id='080B080A030B' name='proxy_handler' }
Dec 07 07:54:09.500 |INF| got service=service, address=combo_service target='proxy_handler' filename='proxy_handler/main.rs' line-number=85 span={ trace-id='080B080A030B' name='proxy_handler' }
Dec 07 07:54:09.500 |INF| Sending request: http://combo_service:8083/combo/load_test target='proxy_handler' filename='proxy_handler/main.rs' line-number=235 span={ trace-id='080B080A030B' name='proxy_handler' }
Dec 07 07:54:09.500 |INF| Got content type: [97, 112, 112, 108, 105, 99, 97, 116, 105, 111, 110, 47, 106, 115, 111, 110] target='proxy_handler' filename='proxy_handler/main.rs' line-number=239 span={ trace-id='080B080A030B' name='proxy_handler' }
Dec 07 07:54:09.505 |INF| req: payload=MaybeCombo { origin: "AU", colour: "blue", property: Some("Some Property"), value: Some("high") } target='combo_service::biz_router' filename='combo_service/biz_router.rs' line-number=186 span={ id='080B080A030B' name='post_property' }
Dec 07 07:54:09.505 |INF| got service_key=ENTITY_PORT target='combo_service::biz_router' filename='combo_service/biz_router.rs' line-number=38 span={ id='080B080A030B' name='post_property' }
Dec 07 07:54:09.506 |INF| got service=entity, port=8081 target='combo_service::biz_router' filename='combo_service/biz_router.rs' line-number=42 span={ id='080B080A030B' name='post_property' }
Dec 07 07:54:09.506 |INF| got service_key=ENTITY_ADDRESS target='combo_service::biz_router' filename='combo_service/biz_router.rs' line-number=60 span={ id='080B080A030B' name='post_property' }
Dec 07 07:54:09.506 |INF| got service=entity, address=entity_microservice target='combo_service::biz_router' filename='combo_service/biz_router.rs' line-number=64 span={ id='080B080A030B' name='post_property' }
Dec 07 07:54:09.506 |INF| got service_key=PROPERTY_PORT target='combo_service::biz_router' filename='combo_service/biz_router.rs' line-number=38 span={ id='080B080A030B' name='post_property' }
Dec 07 07:54:09.506 |INF| got service=property, port=8082 target='combo_service::biz_router' filename='combo_service/biz_router.rs' line-number=42 span={ id='080B080A030B' name='post_property' }
Dec 07 07:54:09.506 |INF| got service_key=PROPERTY_ADDRESS target='combo_service::biz_router' filename='combo_service/biz_router.rs' line-number=60 span={ id='080B080A030B' name='post_property' }
Dec 07 07:54:09.507 |INF| got service=property, address=property_microservice target='combo_service::biz_router' filename='combo_service/biz_router.rs' line-number=64 span={ id='080B080A030B' name='post_property' }
Dec 07 07:54:09.507 |INF| sending entity post to: entity_address=http://entity_microservice:8081/entity/load_test target='combo_service::biz_router' filename='combo_service/biz_router.rs' line-number=222 span={ id='080B080A030B' name='post_property' }
Dec 07 07:54:09.508 |INF| req: payload=Entity { origin: "AU", colour: "blue" } target='entity_microservice::biz_router' filename='entity_microservice/biz_router.rs' line-number=62 span={ id='080B080A030B' name='post_property' }
Dec 07 07:54:09.508 |INF| entity_response=Response { url: Url { scheme: "http", cannot_be_a_base: false, username: "", password: None, host: Some(Domain("entity_microservice")), port: Some(8081), path: "/entity/load_test", query: None, fragment: None }, status: 201, headers: {"content-length": "0", "date": "Thu, 07 Dec 2023 07:54:09 GMT"} } target='combo_service::biz_router' filename='combo_service/biz_router.rs' line-number=259 span={ id='080B080A030B' name='post_property' }
Dec 07 07:54:09.509 |INF| sending property post to: property_address=http://property_microservice:8082/property/load_test target='combo_service::biz_router' filename='combo_service/biz_router.rs' line-number=261 span={ id='080B080A030B' name='post_property' }
Dec 07 07:54:09.509 |INF| property_response=Response { url: Url { scheme: "http", cannot_be_a_base: false, username: "", password: None, host: Some(Domain("property_microservice")), port: Some(8082), path: "/property/load_test", query: None, fragment: None }, status: 201, headers: {"content-length": "0", "date": "Thu, 07 Dec 2023 07:54:09 GMT"} } target='combo_service::biz_router' filename='combo_service/biz_router.rs' line-number=266 span={ id='080B080A030B' name='post_property' }
Dec 07 07:54:09.510 |INF| req: payload=Property { property: "Some Property", value: "high" } target='property_microservice::biz_router' filename='property_microservice/biz_router.rs' line-number=58 span={ id='080B080A030B' name='post_property' }
